d:\sources\corsair clean source\gameserver\tmp\release\gameserver.pch
d:\sources\corsair clean source\gameserver\tmp\release\vc120.pdb
d:\sources\corsair clean source\gameserver\tmp\release\vc120.idb
d:\sources\corsair clean source\gameserver\tmp\release\gameapp.obj
d:\sources\corsair clean source\gameserver\tmp\release\entityspawn.obj
d:\sources\corsair clean source\gameserver\tmp\release\character.obj
d:\sources\corsair clean source\gameserver\tmp\release\entity1.obj
d:\sources\corsair clean source\gameserver\tmp\release\submap1.obj
d:\sources\corsair clean source\gameserver\tmp\release\lua_gamectrl.obj
d:\sources\corsair clean source\gameserver\tmp\release\mapentry.obj
d:\sources\corsair clean source\gameserver\tmp\release\mapres.obj
d:\sources\corsair clean source\gameserver\tmp\release\maptrigger.obj
d:\sources\corsair clean source\gameserver\tmp\release\mission.obj
d:\sources\corsair clean source\gameserver\tmp\release\moveable.obj
d:\sources\corsair clean source\gameserver\tmp\release\npc.obj
d:\sources\corsair clean source\gameserver\tmp\release\npcscript.obj
d:\sources\corsair clean source\gameserver\tmp\release\parser.obj
d:\sources\corsair clean source\gameserver\tmp\release\picset.obj
d:\sources\corsair clean source\gameserver\tmp\release\picture.obj
d:\sources\corsair clean source\gameserver\tmp\release\player.obj
d:\sources\corsair clean source\gameserver\tmp\release\script.obj
d:\sources\corsair clean source\gameserver\tmp\release\stackwalker.obj
d:\sources\corsair clean source\gameserver\tmp\release\statecell.obj
d:\sources\corsair clean source\gameserver\tmp\release\systemdialog.obj
d:\sources\corsair clean source\gameserver\tmp\release\tradelogdb.obj
d:\sources\corsair clean source\gameserver\tmp\release\weather.obj
d:\sources\corsair clean source\gameserver\tmp\release\worldeudemon.obj
d:\sources\corsair clean source\gameserver\tmp\release\xstring.obj
d:\sources\corsair clean source\gameserver\tmp\release\charforge.obj
d:\sources\corsair clean source\gameserver\tmp\release\charscript.obj
d:\sources\corsair clean source\gameserver\tmp\release\charstall.obj
d:\sources\corsair clean source\gameserver\tmp\release\chartrade.obj
d:\sources\corsair clean source\gameserver\tmp\release\config.obj
d:\sources\corsair clean source\gameserver\tmp\release\entityalloc.obj
d:\sources\corsair clean source\gameserver\tmp\release\entityscript.obj
d:\sources\corsair clean source\gameserver\tmp\release\eventcalculate.obj
d:\sources\corsair clean source\gameserver\tmp\release\evententity.obj
d:\sources\corsair clean source\gameserver\tmp\release\eventhandler.obj
d:\sources\corsair clean source\gameserver\tmp\release\eyeshotcell.obj
d:\sources\corsair clean source\gameserver\tmp\release\fightable.obj
d:\sources\corsair clean source\gameserver\tmp\release\findpath.obj
d:\sources\corsair clean source\gameserver\tmp\release\gameappnet.obj
d:\sources\corsair clean source\gameserver\tmp\release\gamedb.obj
d:\sources\corsair clean source\gameserver\tmp\release\gameserverapp.obj
d:\sources\corsair clean source\gameserver\tmp\release\gmsvr.obj
d:\sources\corsair clean source\gameserver\tmp\release\guild.obj
d:\sources\corsair clean source\gameserver\tmp\release\harmrec.obj
d:\sources\corsair clean source\gameserver\tmp\release\item.obj
d:\sources\corsair clean source\gameserver\tmp\release\action.obj
d:\sources\corsair clean source\gameserver\tmp\release\attachable.obj
d:\sources\corsair clean source\gameserver\tmp\release\attachmanage.obj
d:\sources\corsair clean source\gameserver\tmp\release\auction.obj
d:\sources\corsair clean source\gameserver\tmp\release\auctionitem.obj
d:\sources\corsair clean source\gameserver\tmp\release\birthplace.obj
d:\sources\corsair clean source\gameserver\tmp\release\cfl_iocp.obj
d:\sources\corsair clean source\gameserver\tmp\release\cfl_lock.obj
d:\sources\corsair clean source\gameserver\tmp\release\characterai.obj
d:\sources\corsair clean source\gameserver\tmp\release\characteraistate.obj
d:\sources\corsair clean source\gameserver\tmp\release\charactercmd.obj
d:\sources\corsair clean source\gameserver\tmp\release\characterpacket.obj
d:\sources\corsair clean source\gameserver\tmp\release\characterprl.obj
d:\sources\corsair clean source\gameserver\tmp\release\characterrun.obj
d:\sources\corsair clean source\gameserver\tmp\release\charactersupercmd.obj
d:\sources\corsair clean source\gameserver\tmp\release\charboat.obj
d:\sources\corsair clean source\gameserver\tmp\release\gamesmain1.obj
d:\sources\corsair clean source\gameserver\tmp\release\stdafx1.obj
d:\sources\corsair clean source\gameserver\bin\gameserver.exe
d:\sources\corsair clean source\gameserver\bin\gameserver.pdb
d:\sources\corsair clean source\gameserver\tmp\release\gameserver.res
d:\sources\corsair clean source\gameserver\proj\..\bin\gameserver.pdb
d:\sources\corsair clean source\gameserver\proj\..\bin\gameserver.exe
d:\sources\corsair clean source\gameserver\tmp\release\gameserver.tlog\cl.command.1.tlog
d:\sources\corsair clean source\gameserver\tmp\release\gameserver.tlog\cl.read.1.tlog
d:\sources\corsair clean source\gameserver\tmp\release\gameserver.tlog\cl.write.1.tlog
d:\sources\corsair clean source\gameserver\tmp\release\gameserver.tlog\link.command.1.tlog
d:\sources\corsair clean source\gameserver\tmp\release\gameserver.tlog\link.read.1.tlog
d:\sources\corsair clean source\gameserver\tmp\release\gameserver.tlog\link.write.1.tlog
d:\sources\corsair clean source\gameserver\tmp\release\gameserver.tlog\rc.command.1.tlog
d:\sources\corsair clean source\gameserver\tmp\release\gameserver.tlog\rc.read.1.tlog
d:\sources\corsair clean source\gameserver\tmp\release\gameserver.tlog\rc.write.1.tlog
