d:\sources\corsair clean source\groupserver\tmp\release\vc120.pdb
d:\sources\corsair clean source\groupserver\tmp\release\script.obj
d:\sources\corsair clean source\groupserver\tmp\release\player.obj
d:\sources\corsair clean source\groupserver\tmp\release\parser.obj
d:\sources\corsair clean source\groupserver\tmp\release\master.obj
d:\sources\corsair clean source\groupserver\tmp\release\luafunc.obj
d:\sources\corsair clean source\groupserver\tmp\release\invitation.obj
d:\sources\corsair clean source\groupserver\tmp\release\guildmember.obj
d:\sources\corsair clean source\groupserver\tmp\release\guild.obj
d:\sources\corsair clean source\groupserver\tmp\release\groupsmain.obj
d:\sources\corsair clean source\groupserver\tmp\release\groupserverappteam.obj
d:\sources\corsair clean source\groupserver\tmp\release\groupserverappserv.obj
d:\sources\corsair clean source\groupserver\tmp\release\groupserverappprsn.obj
d:\sources\corsair clean source\groupserver\tmp\release\groupserverappmaster.obj
d:\sources\corsair clean source\groupserver\tmp\release\groupserverappinit.obj
d:\sources\corsair clean source\groupserver\tmp\release\groupserverappguld.obj
d:\sources\corsair clean source\groupserver\tmp\release\groupserverappfrnd.obj
d:\sources\corsair clean source\groupserver\tmp\release\groupserverapp.obj
d:\sources\corsair clean source\groupserver\tmp\release\friend.obj
d:\sources\corsair clean source\groupserver\tmp\release\dbconnect.obj
d:\sources\corsair clean source\groupserver\tmp\release\teammember.obj
d:\sources\corsair clean source\groupserver\tmp\release\team.obj
d:\sources\corsair clean source\groupserver\tmp\release\sessionchat.obj
d:\sources\corsair clean source\groupserver\tmp\release\groupserver.tlog\cl.command.1.tlog
d:\sources\corsair clean source\groupserver\tmp\release\groupserver.tlog\cl.read.1.tlog
d:\sources\corsair clean source\groupserver\tmp\release\groupserver.tlog\cl.write.1.tlog
